==================================================================
= Multi Theft Auto: San Andreas v1.5.7
==================================================================
= Server name      : Default MTA Server
= Server IP address: auto
= Server port      : 22010
= 
= Log file         : ..erver/mods/deathmatch/logs/local_server.log
= Maximum players  : 2
= HTTP port        : 22011
= Voice Chat       : Disabled
= Bandwidth saving : Medium
==================================================================
[2020-06-24 20:11:58] File 'settings.xml' not present, creating new node.
[2020-06-24 20:12:02] Resources: 192 loaded, 0 failed
[2020-06-24 20:12:02] Server password set to 'asdf123'
[2020-06-24 20:12:02] Starting resources...
[2020-06-24 20:12:02] Admin access list successfully updated 
[2020-06-24 20:12:02] INFO: Admin added 507 missing rights
[2020-06-24 20:12:02] Server minclientversion is now 1.3.0-9.04311
[2020-06-24 20:12:03] Server minclientversion is now 1.5.6-9.16362
[2020-06-24 20:12:03] Gamemode 'play' started.
[2020-06-24 20:12:03] Server started and is ready to accept connections!
[2020-06-24 20:12:03] To stop the server, type 'shutdown' or press Ctrl-C
[2020-06-24 20:12:03] Type 'help' for a list of commands.
[2020-06-24 20:12:03] CONNECT: AndrasKollega connected (IP: 127.0.0.1  Serial: 5CA85CAD1F8C73BBF6399A40003656E3  Version: 1.5.7-9.20447.3)
[2020-06-24 20:12:03] JOIN: AndrasKollega joined the game (IP: 127.0.0.1)
[2020-06-24 20:15:07] QUIT: AndrasKollega left the game [Quit]
[2020-06-24 20:15:07] Server stopped!
[2020-06-24 20:15:07] Stopping resources.......................
[2020-06-24 20:15:07] Closing SQLite3 database
